\BOOKMARK [0][-]{chapter.1}{Inleiding}{}% 1
\BOOKMARK [1][-]{section.1.1}{Probleemstelling en Onderzoeksvragen}{chapter.1}% 2
\BOOKMARK [0][-]{chapter.2}{Methodologie}{}% 3
\BOOKMARK [0][-]{chapter.3}{CSS}{}% 4
\BOOKMARK [0][-]{chapter.4}{CSS-PREPROCESSORS}{}% 5
\BOOKMARK [1][-]{section.4.1}{LESS}{chapter.4}% 6
\BOOKMARK [2][-]{subsection.4.1.1}{Geschiedenis}{section.4.1}% 7
\BOOKMARK [2][-]{subsection.4.1.2}{Gebruik}{section.4.1}% 8
\BOOKMARK [2][-]{subsection.4.1.3}{Eigenschappen}{section.4.1}% 9
\BOOKMARK [2][-]{subsection.4.1.4}{Voordelen}{section.4.1}% 10
\BOOKMARK [2][-]{subsection.4.1.5}{Nadelen}{section.4.1}% 11
\BOOKMARK [1][-]{section.4.2}{SASS}{chapter.4}% 12
\BOOKMARK [2][-]{subsection.4.2.1}{SCSS}{section.4.2}% 13
\BOOKMARK [2][-]{subsection.4.2.2}{SASS}{section.4.2}% 14
\BOOKMARK [1][-]{section.4.3}{Stylus}{chapter.4}% 15
\BOOKMARK [2][-]{subsection.4.3.1}{Geschiedenis}{section.4.3}% 16
\BOOKMARK [2][-]{subsection.4.3.2}{Gebruik}{section.4.3}% 17
\BOOKMARK [2][-]{subsection.4.3.3}{Eigenschappen}{section.4.3}% 18
\BOOKMARK [2][-]{subsection.4.3.4}{Voordelen}{section.4.3}% 19
\BOOKMARK [2][-]{subsection.4.3.5}{Nadelen}{section.4.3}% 20
\BOOKMARK [1][-]{section.4.4}{Clay}{chapter.4}% 21
\BOOKMARK [2][-]{subsection.4.4.1}{Geschiedenis}{section.4.4}% 22
\BOOKMARK [2][-]{subsection.4.4.2}{Gebruik}{section.4.4}% 23
\BOOKMARK [2][-]{subsection.4.4.3}{Eigenschappen}{section.4.4}% 24
\BOOKMARK [2][-]{subsection.4.4.4}{Voordelen}{section.4.4}% 25
\BOOKMARK [2][-]{subsection.4.4.5}{Nadelen}{section.4.4}% 26
\BOOKMARK [1][-]{section.4.5}{Css Preprocessor}{chapter.4}% 27
\BOOKMARK [2][-]{subsection.4.5.1}{Geschiedenis}{section.4.5}% 28
\BOOKMARK [2][-]{subsection.4.5.2}{Gebruik}{section.4.5}% 29
\BOOKMARK [2][-]{subsection.4.5.3}{Eigenschappen}{section.4.5}% 30
\BOOKMARK [2][-]{subsection.4.5.4}{Voordelen}{section.4.5}% 31
\BOOKMARK [2][-]{subsection.4.5.5}{Nadelen}{section.4.5}% 32
\BOOKMARK [1][-]{section.4.6}{Css-crush}{chapter.4}% 33
\BOOKMARK [2][-]{subsection.4.6.1}{Geschiedenis}{section.4.6}% 34
\BOOKMARK [2][-]{subsection.4.6.2}{Gebruik}{section.4.6}% 35
\BOOKMARK [2][-]{subsection.4.6.3}{Eigenschappen}{section.4.6}% 36
\BOOKMARK [2][-]{subsection.4.6.4}{Voordelen}{section.4.6}% 37
\BOOKMARK [2][-]{subsection.4.6.5}{Nadelen}{section.4.6}% 38
\BOOKMARK [1][-]{section.4.7}{DtCSS}{chapter.4}% 39
\BOOKMARK [2][-]{subsection.4.7.1}{Geschiedenis}{section.4.7}% 40
\BOOKMARK [2][-]{subsection.4.7.2}{Gebruik}{section.4.7}% 41
\BOOKMARK [2][-]{subsection.4.7.3}{Eigenschappen}{section.4.7}% 42
\BOOKMARK [2][-]{subsection.4.7.4}{Voordelen}{section.4.7}% 43
\BOOKMARK [2][-]{subsection.4.7.5}{Nadelen}{section.4.7}% 44
\BOOKMARK [1][-]{section.4.8}{Myth}{chapter.4}% 45
\BOOKMARK [2][-]{subsection.4.8.1}{Geschiedenis}{section.4.8}% 46
\BOOKMARK [2][-]{subsection.4.8.2}{Gebruik}{section.4.8}% 47
\BOOKMARK [2][-]{subsection.4.8.3}{Eigenschappen}{section.4.8}% 48
\BOOKMARK [2][-]{subsection.4.8.4}{Voordelen}{section.4.8}% 49
\BOOKMARK [2][-]{subsection.4.8.5}{Nadelen}{section.4.8}% 50
\BOOKMARK [1][-]{section.4.9}{Rework}{chapter.4}% 51
\BOOKMARK [2][-]{subsection.4.9.1}{Geschiedenis}{section.4.9}% 52
\BOOKMARK [2][-]{subsection.4.9.2}{Gebruik}{section.4.9}% 53
\BOOKMARK [2][-]{subsection.4.9.3}{Eigenschappen}{section.4.9}% 54
\BOOKMARK [2][-]{subsection.4.9.4}{Voordelen}{section.4.9}% 55
\BOOKMARK [2][-]{subsection.4.9.5}{Nadelen}{section.4.9}% 56
\BOOKMARK [1][-]{section.4.10}{Switch CSS}{chapter.4}% 57
\BOOKMARK [2][-]{subsection.4.10.1}{Geschiedenis}{section.4.10}% 58
\BOOKMARK [2][-]{subsection.4.10.2}{Gebruik}{section.4.10}% 59
\BOOKMARK [2][-]{subsection.4.10.3}{Eigenschappen}{section.4.10}% 60
\BOOKMARK [2][-]{subsection.4.10.4}{Voordelen}{section.4.10}% 61
\BOOKMARK [2][-]{subsection.4.10.5}{Nadelen}{section.4.10}% 62
\BOOKMARK [0][-]{chapter.5}{Conclusie}{}% 63
